        -:    0:Source:src/utils.c
        -:    0:Graph:test_utils-utils.gcno
        -:    0:Data:test_utils-utils.gcda
        -:    0:Runs:1
        -:    1:#include "utils.h"
        -:    2:
        -:    3:#include <ctype.h>
        -:    4:#include <string.h>
        -:    5:
function clamp_int called 0 returned 0% blocks executed 0%
    #####:    6:int clamp_int(int value, int low, int high) {
    #####:    7:    if (low > high) {
branch  0 never executed (fallthrough)
branch  1 never executed
    #####:    8:        return value;
        -:    9:    }
    #####:   10:    if (value < low) {
branch  0 never executed (fallthrough)
branch  1 never executed
    #####:   11:        return low;
        -:   12:    }
    #####:   13:    if (value > high) {
branch  0 never executed (fallthrough)
branch  1 never executed
    #####:   14:        return high;
        -:   15:    }
    #####:   16:    return value;
        -:   17:}
        -:   18:
function ascii_sum called 0 returned 0% blocks executed 0%
    #####:   19:int ascii_sum(const char *s) {
    #####:   20:    if (s == NULL) {
branch  0 never executed (fallthrough)
branch  1 never executed
    #####:   21:        return -1;
        -:   22:    }
    #####:   23:    int total = 0;
    #####:   24:    for (size_t i = 0; s[i] != '\0'; ++i) {
branch  0 never executed
branch  1 never executed (fallthrough)
    #####:   25:        total += (unsigned char)s[i];
        -:   26:    }
    #####:   27:    return total;
        -:   28:}
        -:   29:
function parse_positive_int called 11 returned 100% blocks executed 100%
       11:   30:int parse_positive_int(const char *s, int *out_value) {
       11:   31:    if (s == NULL || out_value == NULL || *s == '\0') {
branch  0 taken 10 (fallthrough)
branch  1 taken 1
branch  2 taken 9 (fallthrough)
branch  3 taken 1
branch  4 taken 1 (fallthrough)
branch  5 taken 8
        3:   32:        return -1;
        -:   33:    }
        8:   34:    int value = 0;
       40:   35:    for (size_t i = 0; s[i] != '\0'; ++i) {
branch  0 taken 35
branch  1 taken 5 (fallthrough)
       35:   36:        if (!isdigit((unsigned char)s[i])) {
branch  0 taken 2 (fallthrough)
branch  1 taken 33
        2:   37:            return -2;
        -:   38:        }
       33:   39:        value = (value * 10) + (s[i] - '0');
       33:   40:        if (value > 1000000) {
branch  0 taken 1 (fallthrough)
branch  1 taken 32
        1:   41:            return -3;
        -:   42:        }
        -:   43:    }
        5:   44:    *out_value = value;
        5:   45:    return 0;
        -:   46:}
        -:   47:
function split_kv called 0 returned 0% blocks executed 0%
    #####:   48:int split_kv(const char *input, char *key, size_t key_cap, char *value, size_t value_cap) {
    #####:   49:    if (input == NULL || key == NULL || value == NULL || key_cap == 0 || value_cap == 0) {
branch  0 never executed (fallthrough)
branch  1 never executed
branch  2 never executed (fallthrough)
branch  3 never executed
branch  4 never executed (fallthrough)
branch  5 never executed
branch  6 never executed (fallthrough)
branch  7 never executed
branch  8 never executed (fallthrough)
branch  9 never executed
    #####:   50:        return -1;
        -:   51:    }
    #####:   52:    const char *eq = strchr(input, '=');
    #####:   53:    if (eq == NULL || eq == input || eq[1] == '\0') {
branch  0 never executed (fallthrough)
branch  1 never executed
branch  2 never executed (fallthrough)
branch  3 never executed
branch  4 never executed (fallthrough)
branch  5 never executed
    #####:   54:        return -2;
        -:   55:    }
    #####:   56:    size_t key_len = (size_t)(eq - input);
    #####:   57:    size_t value_len = strlen(eq + 1);
    #####:   58:    if (key_len + 1 > key_cap || value_len + 1 > value_cap) {
branch  0 never executed (fallthrough)
branch  1 never executed
branch  2 never executed (fallthrough)
branch  3 never executed
    #####:   59:        return -3;
        -:   60:    }
    #####:   61:    memcpy(key, input, key_len);
    #####:   62:    key[key_len] = '\0';
    #####:   63:    memcpy(value, eq + 1, value_len);
    #####:   64:    value[value_len] = '\0';
    #####:   65:    return 0;
        -:   66:}
        -:   67:
